<?xml version="1.0" encoding="UTF-8" ?>
<testsuite tests="9" failures="3" name="edu.merrimack.fop2.tictactoe.BoardTest" time="0.082" errors="0" skipped="0">
  <properties>
[...]
</properties>
  <testcase classname="edu.merrimack.fop2.tictactoe.BoardTest" name="edu.merrimack.fop2.tictactoe.BoardTest.testDetermineBoardStatusEmptyBoard" time="0.017"/>
  <testcase classname="edu.merrimack.fop2.tictactoe.BoardTest" name="edu.merrimack.fop2.tictactoe.BoardTest.testDetermineBoardStatusXWins" time="0.039"/>
  <testcase classname="edu.merrimack.fop2.tictactoe.BoardTest" name="edu.merrimack.fop2.tictactoe.BoardTest.testGetSquareEmptyBoard" time="0"/>
  <testcase classname="edu.merrimack.fop2.tictactoe.BoardTest" name="edu.merrimack.fop2.tictactoe.BoardTest.testDetermineBoardStatusDraw" time="0"/>
  <testcase classname="edu.merrimack.fop2.tictactoe.BoardTest" name="edu.merrimack.fop2.tictactoe.BoardTest.testDetermineBoardStatusOWins" time="0.001"/>
  <testcase classname="edu.merrimack.fop2.tictactoe.BoardTest" name="edu.merrimack.fop2.tictactoe.BoardTest.testMakeAMoveDraw" time="0.023">
    <failure message="expected: &lt;1&gt; but was: &lt;0&gt;" type="org.opentest4j.AssertionFailedError">org.opentest4j.AssertionFailedError: expected: &lt;1&gt; but was: &lt;0&gt;
	at org.junit.jupiter.api.AssertionUtils.fail(AssertionUtils.java:55)
	at org.junit.jupiter.api.AssertionUtils.failNotEqual(AssertionUtils.java:62)
	at org.junit.jupiter.api.AssertEquals.assertEquals(AssertEquals.java:150)
	at org.junit.jupiter.api.AssertEquals.assertEquals(AssertEquals.java:145)
	at org.junit.jupiter.api.Assertions.assertEquals(Assertions.java:510)
	at edu.merrimack.fop2.tictactoe.BoardTest.testMakeAMoveDraw(BoardTest.java:156)
</failure>
    <system-out>X   |    | O
---+---+---
O   | X  | X
---+---+---
    | X  | O
</system-out>
  </testcase>
  <testcase classname="edu.merrimack.fop2.tictactoe.BoardTest" name="edu.merrimack.fop2.tictactoe.BoardTest.testSetSquare" time="0"/>
  <testcase classname="edu.merrimack.fop2.tictactoe.BoardTest" name="edu.merrimack.fop2.tictactoe.BoardTest.testMakeAMoveOWins" time="0.001">
    <failure message="expected: &lt;2&gt; but was: &lt;0&gt;" type="org.opentest4j.AssertionFailedError">org.opentest4j.AssertionFailedError: expected: &lt;2&gt; but was: &lt;0&gt;
	at org.junit.jupiter.api.AssertionUtils.fail(AssertionUtils.java:55)
	at org.junit.jupiter.api.AssertionUtils.failNotEqual(AssertionUtils.java:62)
	at org.junit.jupiter.api.AssertEquals.assertEquals(AssertEquals.java:150)
	at org.junit.jupiter.api.AssertEquals.assertEquals(AssertEquals.java:145)
	at org.junit.jupiter.api.Assertions.assertEquals(Assertions.java:510)
	at edu.merrimack.fop2.tictactoe.BoardTest.testMakeAMoveOWins(BoardTest.java:125)
</failure>
    <system-out>O   | X  | X
---+---+---
X   | O  | X
---+---+---
O   |    |  
</system-out>
  </testcase>
  <testcase classname="edu.merrimack.fop2.tictactoe.BoardTest" name="edu.merrimack.fop2.tictactoe.BoardTest.testMakeAMoveXWins" time="0.001">
    <failure message="expected: &lt;1&gt; but was: &lt;0&gt;" type="org.opentest4j.AssertionFailedError">org.opentest4j.AssertionFailedError: expected: &lt;1&gt; but was: &lt;0&gt;
	at org.junit.jupiter.api.AssertionUtils.fail(AssertionUtils.java:55)
	at org.junit.jupiter.api.AssertionUtils.failNotEqual(AssertionUtils.java:62)
	at org.junit.jupiter.api.AssertEquals.assertEquals(AssertEquals.java:150)
	at org.junit.jupiter.api.AssertEquals.assertEquals(AssertEquals.java:145)
	at org.junit.jupiter.api.Assertions.assertEquals(Assertions.java:510)
	at edu.merrimack.fop2.tictactoe.BoardTest.testMakeAMoveXWins(BoardTest.java:201)
</failure>
    <system-out>O   |    | X
---+---+---
O   |    |  
---+---+---
X   |    |  
</system-out>
  </testcase>
</testsuite>